============================================================
  Generated by:           Genus(TM) Synthesis Solution 21.14-s082_1
  Generated on:           Mar 12 2026  10:41:41 am
  Module:                 systolic_array_4x4
  Operating conditions:   TypTyp_0.8V_25C (balanced_tree)
  Wireload mode:          enclosed
  Area mode:              timing library
============================================================


Path 1: MET (0 ps) Setup Check with Pin pe20_pipe_mult_reg_reg[14]/CK->D
          Group: clk
     Startpoint: (R) activation_in[16]
          Clock: (R) clk
       Endpoint: (F) pe20_pipe_mult_reg_reg[14]/D
          Clock: (R) clk

                     Capture       Launch     
        Clock Edge:+   10000            0     
        Drv Adjust:+       0            0     
       Src Latency:+       0            0     
       Net Latency:+       0 (I)        0 (I) 
           Arrival:=   10000            0     
                                              
             Setup:-     857                  
     Required Time:=    9143                  
      Launch Clock:-       0                  
       Input Delay:-    2000                  
         Data Path:-    7143                  
             Slack:=       0                  

Exceptions/Constraints:
  input_delay             2000            in_del_17_1 

#------------------------------------------------------------------------------------------------------
#        Timing Point          Flags    Arc   Edge   Cell     Fanout Load Trans Delay Arrival Instance 
#                                                                    (fF)  (ps)  (ps)   (ps)  Location 
#------------------------------------------------------------------------------------------------------
  activation_in[16]            -       -      R     (arrival)      2  0.8     0     0    2000    (-,-) 
  g12912/ZN                    -       A->ZN  F     INV_X2         2  1.0    33    20    2020    (-,-) 
  g12183__6161/ZN              -       A4->ZN F     AND4_X2        1  0.3    64   252    2272    (-,-) 
  g11316__7098/ZN              -       A2->ZN R     NAND2_X1       1  0.5   173   123    2395    (-,-) 
  g10871__4733/ZN              -       A1->ZN F     NAND2_X1       1  0.7   222    94    2490    (-,-) 
  g10803/ZN                    -       A->ZN  R     INV_X8         8  4.3   312   242    2732    (-,-) 
  g10657__5107/ZN              -       A1->ZN R     AND2_X2        8  4.0   534   441    3173    (-,-) 
  pe20_mul_56_38_g1905/ZN      -       A1->ZN F     NAND2_X1       3  1.2   178   197    3370    (-,-) 
  pe20_mul_56_38_g1811/ZN      -       B1->ZN R     OAI21_X1       1  0.8   527   340    3710    (-,-) 
  pe20_mul_56_38_g1762/Z       -       B->Z   R     XOR2_X2        3  1.8   865   703    4413    (-,-) 
  pe20_mul_56_38_g1702/Z       -       A->Z   R     XOR2_X2        2  0.9   633   634    5047    (-,-) 
  pe20_mul_56_38_g1665/ZN      -       A1->ZN F     NAND2_X1       1  0.4   168   172    5220    (-,-) 
  pe20_mul_56_38_g1662/ZN      -       A->ZN  R     OAI21_X1       3  1.7   757   292    5512    (-,-) 
  pe20_mul_56_38_g1621/Z       -       B->Z   R     XOR2_X2        3  1.5   787   704    6216    (-,-) 
  pe20_mul_56_38_g1606/ZN      -       A2->ZN F     NOR2_X1        2  0.6   181   200    6416    (-,-) 
  pe20_mul_56_38_g1584/ZN      -       A->ZN  R     AOI21_X1       3  1.6   720   505    6920    (-,-) 
  pe20_mul_56_38_g1582/ZN      -       B1->ZN F     OAI221_X2      2  1.2   256   347    7268    (-,-) 
  pe20_mul_56_38_g1578/ZN      -       B1->ZN R     AOI21_X1       2  1.2   617   387    7654    (-,-) 
  pe20_mul_56_38_g1576/ZN      -       B1->ZN F     OAI21_X1       2  1.2   211   236    7890    (-,-) 
  pe20_mul_56_38_g1574/ZN      -       B1->ZN R     AOI21_X1       2  1.2   617   372    8262    (-,-) 
  pe20_mul_56_38_g1572/ZN      -       B1->ZN F     OAI21_X1       2  1.2   211   236    8498    (-,-) 
  pe20_mul_56_38_g1571/Z       -       B->Z   F     XOR2_X2        1  0.6   197   408    8905    (-,-) 
  g7675__6131/ZN               -       A1->ZN F     AND2_X1        1  0.7    64   237    9143    (-,-) 
  pe20_pipe_mult_reg_reg[14]/D <<<     -      F     DFF_X1         1    -     -     0    9143    (-,-) 
#------------------------------------------------------------------------------------------------------

